<?xml version="1.0" encoding="UTF-8"?>
<testng-results ignored="0" total="1" passed="1" failed="0" skipped="0">
  <reporter-output>
  </reporter-output>
  <suite started-at="2023-01-02T12:49:40 EST" name="Default suite" finished-at="2023-01-02T12:49:45 EST" duration-ms="4023">
    <groups>
    </groups>
    <test started-at="2023-01-02T12:49:40 EST" name="Default test" finished-at="2023-01-02T12:49:45 EST" duration-ms="4023">
      <class name="tests.newt">
        <test-method signature="amazontest()[pri:0, instance:tests.newt@654f0d9c]" started-at="2023-01-02T12:49:41 EST" name="amazontest" finished-at="2023-01-02T12:49:45 EST" duration-ms="3989" status="PASS">
          <reporter-output>
          </reporter-output>
        </test-method> <!-- amazontest -->
      </class> <!-- tests.newt -->
    </test> <!-- Default test -->
  </suite> <!-- Default suite -->
</testng-results>
